# JRE version: OpenJDK Runtime Environment (8.0_152-b02) (build 1.8.0_152-release-1024-b02)
# Java VM: OpenJDK 64-Bit Server VM (25.152-b02 mixed mode windows-amd64 compressed oops)
Heap:
 PSYoungGen      total 690176K, used 370124K [0x000000076ab00000, 0x00000007a3380000, 0x00000007c0000000)
  eden space 563200K, 65% used [0x000000076ab00000,0x00000007814732a0,0x000000078d100000)
  from space 126976K, 0% used [0x000000078d100000,0x000000078d100000,0x0000000794d00000)
  to   space 132096K, 0% used [0x000000079b280000,0x000000079b280000,0x00000007a3380000)
 ParOldGen       total 303616K, used 303566K [0x00000006c0000000, 0x00000006d2880000, 0x000000076ab00000)
  object space 303616K, 99% used [0x00000006c0000000,0x00000006d2873a10,0x00000006d2880000)
 Metaspace       used 6644K, capacity 7288K, committed 7552K, reserved 1056768K
  class space    used 608K, capacity 624K, committed 640K, reserved 1048576K
GC Heap History (10 events):
Event: 19.086 GC heap before
{Heap before GC invocations=12 (full 2):
 PSYoungGen      total 654848K, used 91647K [0x000000076ab00000, 0x000000079e580000, 0x00000007c0000000)
  eden space 563200K, 0% used [0x000000076ab00000,0x000000076ab00000,0x000000078d100000)
  from space 91648K, 99% used [0x0000000794d00000,0x000000079a67fdb8,0x000000079a680000)
  to   space 126976K, 0% used [0x000000078d100000,0x000000078d100000,0x0000000794d00000)
 ParOldGen       total 166400K, used 165216K [0x00000006c0000000, 0x00000006ca280000, 0x000000076ab00000)
  object space 166400K, 99% used [0x00000006c0000000,0x00000006ca158008,0x00000006ca280000)
 Metaspace       used 6582K, capacity 7288K, committed 7552K, reserved 1056768K
  class space    used 605K, capacity 624K, committed 640K, reserved 1048576K
Event: 20.914 GC heap after
Heap after GC invocations=12 (full 2):
 PSYoungGen      total 654848K, used 81076K [0x000000076ab00000, 0x000000079e580000, 0x00000007c0000000)
  eden space 563200K, 0% used [0x000000076ab00000,0x000000076ab00000,0x000000078d100000)
  from space 91648K, 88% used [0x0000000794d00000,0x0000000799c2d2a0,0x000000079a680000)
  to   space 126976K, 0% used [0x000000078d100000,0x000000078d100000,0x0000000794d00000)
 ParOldGen       total 303616K, used 166249K [0x00000006c0000000, 0x00000006d2880000, 0x000000076ab00000)
  object space 303616K, 54% used [0x00000006c0000000,0x00000006ca25a430,0x00000006d2880000)
 Metaspace       used 6582K, capacity 7288K, committed 7552K, reserved 1056768K
  class space    used 605K, capacity 624K, committed 640K, reserved 1048576K
}
Event: 25.374 GC heap before
{Heap before GC invocations=13 (full 2):
 PSYoungGen      total 654848K, used 644276K [0x000000076ab00000, 0x000000079e580000, 0x00000007c0000000)
  eden space 563200K, 100% used [0x000000076ab00000,0x000000078d100000,0x000000078d100000)
  from space 91648K, 88% used [0x0000000794d00000,0x0000000799c2d2a0,0x000000079a680000)
  to   space 126976K, 0% used [0x000000078d100000,0x000000078d100000,0x0000000794d00000)
 ParOldGen       total 303616K, used 166249K [0x00000006c0000000, 0x00000006d2880000, 0x000000076ab00000)
  object space 303616K, 54% used [0x00000006c0000000,0x00000006ca25a430,0x00000006d2880000)
 Metaspace       used 6605K, capacity 7288K, committed 7552K, reserved 1056768K
  class space    used 606K, capacity 624K, committed 640K, reserved 1048576K
Event: 26.030 GC heap after
Heap after GC invocations=13 (full 2):
 PSYoungGen      total 690176K, used 79734K [0x000000076ab00000, 0x00000007a3380000, 0x00000007c0000000)
  eden space 563200K, 0% used [0x000000076ab00000,0x000000076ab00000,0x000000078d100000)
  from space 126976K, 62% used [0x000000078d100000,0x0000000791eddb58,0x0000000794d00000)
  to   space 132096K, 0% used [0x000000079b280000,0x000000079b280000,0x00000007a3380000)
 ParOldGen       total 303616K, used 247021K [0x00000006c0000000, 0x00000006d2880000, 0x000000076ab00000)
  object space 303616K, 81% used [0x00000006c0000000,0x00000006cf13b488,0x00000006d2880000)
 Metaspace       used 6605K, capacity 7288K, committed 7552K, reserved 1056768K
  class space    used 606K, capacity 624K, committed 640K, reserved 1048576K
}
Event: 26.030 GC heap before
{Heap before GC invocations=14 (full 3):
 PSYoungGen      total 690176K, used 79734K [0x000000076ab00000, 0x00000007a3380000, 0x00000007c0000000)
  eden space 563200K, 0% used [0x000000076ab00000,0x000000076ab00000,0x000000078d100000)
  from space 126976K, 62% used [0x000000078d100000,0x0000000791eddb58,0x0000000794d00000)
  to   space 132096K, 0% used [0x000000079b280000,0x000000079b280000,0x00000007a3380000)
 ParOldGen       total 303616K, used 247021K [0x00000006c0000000, 0x00000006d2880000, 0x000000076ab00000)
  object space 303616K, 81% used [0x00000006c0000000,0x00000006cf13b488,0x00000006d2880000)
 Metaspace       used 6605K, capacity 7288K, committed 7552K, reserved 1056768K
  class space    used 606K, capacity 624K, committed 640K, reserved 1048576K
Event: 28.180 GC heap after
Heap after GC invocations=14 (full 3):
 PSYoungGen      total 690176K, used 18484K [0x000000076ab00000, 0x00000007a3380000, 0x00000007c0000000)
  eden space 563200K, 0% used [0x000000076ab00000,0x000000076ab00000,0x000000078d100000)
  from space 126976K, 14% used [0x000000078d100000,0x000000078e30d2e8,0x0000000794d00000)
  to   space 132096K, 0% used [0x000000079b280000,0x000000079b280000,0x00000007a3380000)
 ParOldGen       total 303616K, used 303265K [0x00000006c0000000, 0x00000006d2880000, 0x000000076ab00000)
  object space 303616K, 99% used [0x00000006c0000000,0x00000006d2828720,0x00000006d2880000)
 Metaspace       used 6605K, capacity 7288K, committed 7552K, reserved 1056768K
  class space    used 606K, capacity 624K, committed 640K, reserved 1048576K
}
Event: 30.955 GC heap before
{Heap before GC invocations=15 (full 4):
 PSYoungGen      total 690176K, used 581684K [0x000000076ab00000, 0x00000007a3380000, 0x00000007c0000000)
  eden space 563200K, 100% used [0x000000076ab00000,0x000000078d100000,0x000000078d100000)
  from space 126976K, 14% used [0x000000078d100000,0x000000078e30d2e8,0x0000000794d00000)
  to   space 132096K, 0% used [0x000000079b280000,0x000000079b280000,0x00000007a3380000)
 ParOldGen       total 303616K, used 303265K [0x00000006c0000000, 0x00000006d2880000, 0x000000076ab00000)
  object space 303616K, 99% used [0x00000006c0000000,0x00000006d2828720,0x00000006d2880000)
 Metaspace       used 6607K, capacity 7288K, committed 7552K, reserved 1056768K
  class space    used 606K, capacity 624K, committed 640K, reserved 1048576K
Event: 33.039 GC heap after
Heap after GC invocations=15 (full 4):
 PSYoungGen      total 690176K, used 98207K [0x000000076ab00000, 0x00000007a3380000, 0x00000007c0000000)
  eden space 563200K, 17% used [0x000000076ab00000,0x0000000770ae7ea8,0x000000078d100000)
  from space 126976K, 0% used [0x000000078d100000,0x000000078d100000,0x0000000794d00000)
  to   space 132096K, 0% used [0x000000079b280000,0x000000079b280000,0x00000007a3380000)
 ParOldGen       total 303616K, used 303606K [0x00000006c0000000, 0x00000006d2880000, 0x000000076ab00000)
  object space 303616K, 99% used [0x00000006c0000000,0x00000006d287da20,0x00000006d2880000)
 Metaspace       used 6607K, capacity 7288K, committed 7552K, reserved 1056768K
  class space    used 606K, capacity 624K, committed 640K, reserved 1048576K
}
Event: 34.639 GC heap before
{Heap before GC invocations=16 (full 5):
 PSYoungGen      total 690176K, used 563200K [0x000000076ab00000, 0x00000007a3380000, 0x00000007c0000000)
  eden space 563200K, 100% used [0x000000076ab00000,0x000000078d100000,0x000000078d100000)
  from space 126976K, 0% used [0x000000078d100000,0x000000078d100000,0x0000000794d00000)
  to   space 132096K, 0% used [0x000000079b280000,0x000000079b280000,0x00000007a3380000)
 ParOldGen       total 303616K, used 303606K [0x00000006c0000000, 0x00000006d2880000, 0x000000076ab00000)
  object space 303616K, 99% used [0x00000006c0000000,0x00000006d287da20,0x00000006d2880000)
 Metaspace       used 6609K, capacity 7288K, committed 7552K, reserved 1056768K
  class space    used 606K, capacity 624K, committed 640K, reserved 1048576K
Event: 36.647 GC heap after
Heap after GC invocations=16 (full 5):
 PSYoungGen      total 690176K, used 148830K [0x000000076ab00000, 0x00000007a3380000, 0x00000007c0000000)
  eden space 563200K, 26% used [0x000000076ab00000,0x0000000773c57a80,0x000000078d100000)
  from space 126976K, 0% used [0x000000078d100000,0x000000078d100000,0x0000000794d00000)
  to   space 132096K, 0% used [0x000000079b280000,0x000000079b280000,0x00000007a3380000)
 ParOldGen       total 303616K, used 303566K [0x00000006c0000000, 0x00000006d2880000, 0x000000076ab00000)
  object space 303616K, 99% used [0x00000006c0000000,0x00000006d2873a10,0x00000006d2880000)
 Metaspace       used 6609K, capacity 7288K, committed 7552K, reserved 1056768K
  class space    used 606K, capacity 624K, committed 640K, reserved 1048576K
}

