# JRE version: OpenJDK Runtime Environment (8.0_152-b02) (build 1.8.0_152-release-1024-b02)
# Java VM: OpenJDK 64-Bit Server VM (25.152-b02 mixed mode windows-amd64 compressed oops)
Heap:
 PSYoungGen      total 737792K, used 507691K [0x000000076ab00000, 0x00000007a8080000, 0x00000007c0000000)
  eden space 610304K, 83% used [0x000000076ab00000,0x0000000789acaf58,0x000000078ff00000)
  from space 127488K, 0% used [0x0000000799c80000,0x0000000799c80000,0x00000007a1900000)
  to   space 161280K, 0% used [0x000000078ff00000,0x000000078ff00000,0x0000000799c80000)
 ParOldGen       total 310784K, used 310681K [0x00000006c0000000, 0x00000006d2f80000, 0x000000076ab00000)
  object space 310784K, 99% used [0x00000006c0000000,0x00000006d2f666d8,0x00000006d2f80000)
 Metaspace       used 6666K, capacity 7352K, committed 7552K, reserved 1056768K
  class space    used 609K, capacity 624K, committed 640K, reserved 1048576K
GC Heap History (10 events):
Event: 20.249 GC heap before
{Heap before GC invocations=14 (full 2):
 PSYoungGen      total 656384K, used 602878K [0x000000076ab00000, 0x00000007a1900000, 0x00000007c0000000)
  eden space 530944K, 100% used [0x000000076ab00000,0x000000078b180000,0x000000078b180000)
  from space 125440K, 57% used [0x000000078b180000,0x000000078f7bf898,0x0000000792c00000)
  to   space 127488K, 0% used [0x0000000799c80000,0x0000000799c80000,0x00000007a1900000)
 ParOldGen       total 310784K, used 244910K [0x00000006c0000000, 0x00000006d2f80000, 0x000000076ab00000)
  object space 310784K, 78% used [0x00000006c0000000,0x00000006cef2ba30,0x00000006d2f80000)
 Metaspace       used 6622K, capacity 7288K, committed 7552K, reserved 1056768K
  class space    used 606K, capacity 624K, committed 640K, reserved 1048576K
Event: 21.776 GC heap after
Heap after GC invocations=14 (full 2):
 PSYoungGen      total 737792K, used 127475K [0x000000076ab00000, 0x00000007a8080000, 0x00000007c0000000)
  eden space 610304K, 0% used [0x000000076ab00000,0x000000076ab00000,0x000000078ff00000)
  from space 127488K, 99% used [0x0000000799c80000,0x00000007a18fce98,0x00000007a1900000)
  to   space 161280K, 0% used [0x000000078ff00000,0x000000078ff00000,0x0000000799c80000)
 ParOldGen       total 310784K, used 275926K [0x00000006c0000000, 0x00000006d2f80000, 0x000000076ab00000)
  object space 310784K, 88% used [0x00000006c0000000,0x00000006d0d75b28,0x00000006d2f80000)
 Metaspace       used 6622K, capacity 7288K, committed 7552K, reserved 1056768K
  class space    used 606K, capacity 624K, committed 640K, reserved 1048576K
}
Event: 21.776 GC heap before
{Heap before GC invocations=15 (full 3):
 PSYoungGen      total 737792K, used 127475K [0x000000076ab00000, 0x00000007a8080000, 0x00000007c0000000)
  eden space 610304K, 0% used [0x000000076ab00000,0x000000076ab00000,0x000000078ff00000)
  from space 127488K, 99% used [0x0000000799c80000,0x00000007a18fce98,0x00000007a1900000)
  to   space 161280K, 0% used [0x000000078ff00000,0x000000078ff00000,0x0000000799c80000)
 ParOldGen       total 310784K, used 275926K [0x00000006c0000000, 0x00000006d2f80000, 0x000000076ab00000)
  object space 310784K, 88% used [0x00000006c0000000,0x00000006d0d75b28,0x00000006d2f80000)
 Metaspace       used 6622K, capacity 7288K, committed 7552K, reserved 1056768K
  class space    used 606K, capacity 624K, committed 640K, reserved 1048576K
Event: 25.925 GC heap after
Heap after GC invocations=15 (full 3):
 PSYoungGen      total 737792K, used 85659K [0x000000076ab00000, 0x00000007a8080000, 0x00000007c0000000)
  eden space 610304K, 0% used [0x000000076ab00000,0x000000076ab00000,0x000000078ff00000)
  from space 127488K, 67% used [0x0000000799c80000,0x000000079f026d10,0x00000007a1900000)
  to   space 161280K, 0% used [0x000000078ff00000,0x000000078ff00000,0x0000000799c80000)
 ParOldGen       total 310784K, used 310547K [0x00000006c0000000, 0x00000006d2f80000, 0x000000076ab00000)
  object space 310784K, 99% used [0x00000006c0000000,0x00000006d2f44d90,0x00000006d2f80000)
 Metaspace       used 6622K, capacity 7288K, committed 7552K, reserved 1056768K
  class space    used 606K, capacity 624K, committed 640K, reserved 1048576K
}
Event: 32.024 GC heap before
{Heap before GC invocations=16 (full 4):
 PSYoungGen      total 737792K, used 695963K [0x000000076ab00000, 0x00000007a8080000, 0x00000007c0000000)
  eden space 610304K, 100% used [0x000000076ab00000,0x000000078ff00000,0x000000078ff00000)
  from space 127488K, 67% used [0x0000000799c80000,0x000000079f026d10,0x00000007a1900000)
  to   space 161280K, 0% used [0x000000078ff00000,0x000000078ff00000,0x0000000799c80000)
 ParOldGen       total 310784K, used 310547K [0x00000006c0000000, 0x00000006d2f80000, 0x000000076ab00000)
  object space 310784K, 99% used [0x00000006c0000000,0x00000006d2f44d90,0x00000006d2f80000)
 Metaspace       used 6626K, capacity 7288K, committed 7552K, reserved 1056768K
  class space    used 607K, capacity 624K, committed 640K, reserved 1048576K
Event: 33.932 GC heap after
Heap after GC invocations=16 (full 4):
 PSYoungGen      total 737792K, used 146131K [0x000000076ab00000, 0x00000007a8080000, 0x00000007c0000000)
  eden space 610304K, 23% used [0x000000076ab00000,0x00000007739b4db8,0x000000078ff00000)
  from space 127488K, 0% used [0x0000000799c80000,0x0000000799c80000,0x00000007a1900000)
  to   space 161280K, 0% used [0x000000078ff00000,0x000000078ff00000,0x0000000799c80000)
 ParOldGen       total 310784K, used 310781K [0x00000006c0000000, 0x00000006d2f80000, 0x000000076ab00000)
  object space 310784K, 99% used [0x00000006c0000000,0x00000006d2f7f460,0x00000006d2f80000)
 Metaspace       used 6626K, capacity 7288K, committed 7552K, reserved 1056768K
  class space    used 607K, capacity 624K, committed 640K, reserved 1048576K
}
Event: 35.470 GC heap before
{Heap before GC invocations=17 (full 5):
 PSYoungGen      total 737792K, used 610304K [0x000000076ab00000, 0x00000007a8080000, 0x00000007c0000000)
  eden space 610304K, 100% used [0x000000076ab00000,0x000000078ff00000,0x000000078ff00000)
  from space 127488K, 0% used [0x0000000799c80000,0x0000000799c80000,0x00000007a1900000)
  to   space 161280K, 0% used [0x000000078ff00000,0x000000078ff00000,0x0000000799c80000)
 ParOldGen       total 310784K, used 310781K [0x00000006c0000000, 0x00000006d2f80000, 0x000000076ab00000)
  object space 310784K, 99% used [0x00000006c0000000,0x00000006d2f7f460,0x00000006d2f80000)
 Metaspace       used 6666K, capacity 7352K, committed 7552K, reserved 1056768K
  class space    used 609K, capacity 624K, committed 640K, reserved 1048576K
Event: 37.004 GC heap after
Heap after GC invocations=17 (full 5):
 PSYoungGen      total 737792K, used 206188K [0x000000076ab00000, 0x00000007a8080000, 0x00000007c0000000)
  eden space 610304K, 33% used [0x000000076ab00000,0x000000077745b0a8,0x000000078ff00000)
  from space 127488K, 0% used [0x0000000799c80000,0x0000000799c80000,0x00000007a1900000)
  to   space 161280K, 0% used [0x000000078ff00000,0x000000078ff00000,0x0000000799c80000)
 ParOldGen       total 310784K, used 310689K [0x00000006c0000000, 0x00000006d2f80000, 0x000000076ab00000)
  object space 310784K, 99% used [0x00000006c0000000,0x00000006d2f687b8,0x00000006d2f80000)
 Metaspace       used 6666K, capacity 7352K, committed 7552K, reserved 1056768K
  class space    used 609K, capacity 624K, committed 640K, reserved 1048576K
}
Event: 37.764 GC heap before
{Heap before GC invocations=18 (full 6):
 PSYoungGen      total 737792K, used 610304K [0x000000076ab00000, 0x00000007a8080000, 0x00000007c0000000)
  eden space 610304K, 100% used [0x000000076ab00000,0x000000078ff00000,0x000000078ff00000)
  from space 127488K, 0% used [0x0000000799c80000,0x0000000799c80000,0x00000007a1900000)
  to   space 161280K, 0% used [0x000000078ff00000,0x000000078ff00000,0x0000000799c80000)
 ParOldGen       total 310784K, used 310689K [0x00000006c0000000, 0x00000006d2f80000, 0x000000076ab00000)
  object space 310784K, 99% used [0x00000006c0000000,0x00000006d2f687b8,0x00000006d2f80000)
 Metaspace       used 6666K, capacity 7352K, committed 7552K, reserved 1056768K
  class space    used 609K, capacity 624K, committed 640K, reserved 1048576K
Event: 39.592 GC heap after
Heap after GC invocations=18 (full 6):
 PSYoungGen      total 737792K, used 254870K [0x000000076ab00000, 0x00000007a8080000, 0x00000007c0000000)
  eden space 610304K, 41% used [0x000000076ab00000,0x000000077a3e5b90,0x000000078ff00000)
  from space 127488K, 0% used [0x0000000799c80000,0x0000000799c80000,0x00000007a1900000)
  to   space 161280K, 0% used [0x000000078ff00000,0x000000078ff00000,0x0000000799c80000)
 ParOldGen       total 310784K, used 310681K [0x00000006c0000000, 0x00000006d2f80000, 0x000000076ab00000)
  object space 310784K, 99% used [0x00000006c0000000,0x00000006d2f666d8,0x00000006d2f80000)
 Metaspace       used 6666K, capacity 7352K, committed 7552K, reserved 1056768K
  class space    used 609K, capacity 624K, committed 640K, reserved 1048576K
}

